#
# There is insufficient memory for the Java Runtime Environment to continue.
# Native memory allocation (malloc) failed to allocate 1350288 bytes for Chunk::new
# Possible reasons:
#   The system is out of physical RAM or swap space
#   The process is running with CompressedOops enabled, and the Java Heap may be blocking the growth of the native heap
# Possible solutions:
#   Reduce memory load on the system
#   Increase physical memory or swap space
#   Check if swap backing store is full
#   Decrease Java heap size (-Xmx/-Xms)
#   Decrease number of Java threads
#   Decrease Java thread stack sizes (-Xss)
#   Set larger code cache with -XX:ReservedCodeCacheSize=
#   JVM is running with Unscaled Compressed Oops mode in which the Java heap is
#     placed in the first 4GB address space. The Java Heap base address is the
#     maximum limit for the native heap growth. Please use -XX:HeapBaseMinAddress
#     to set the Java Heap base and to place the Java Heap above 4GB virtual address.
# This output file may be truncated or incomplete.
#
#  Out of Memory Error (arena.cpp:168), pid=17616, tid=21040
#
# JRE version: Java(TM) SE Runtime Environment (21.0.1+12) (build 21.0.1+12-LTS-29)
# Java VM: Java HotSpot(TM) 64-Bit Server VM (21.0.1+12-LTS-29, mixed mode, sharing, tiered, compressed oops, compressed class ptrs, g1 gc, windows-amd64)
# No core dump will be written. Minidumps are not enabled by default on client versions of Windows
#

---------------  S U M M A R Y ------------

Command Line: com.Tienda.Ropa.TiendaDeRopaApplication

Host: AMD Ryzen 5 5500U with Radeon Graphics         , 12 cores, 7G,  Windows 11 , 64 bit Build 22621 (10.0.22621.5415)
Time: Sun Jul 20 13:25:28 2025 Hora est. Pacífico, Sudamérica elapsed time: 16.038496 seconds (0d 0h 0m 16s)

---------------  T H R E A D  ---------------

Current thread (0x000002088702aa60):  JavaThread "C2 CompilerThread1" daemon [_thread_in_native, id=21040, stack(0x0000006f19700000,0x0000006f19800000) (1024K)]


Current CompileTask:
C2:  16038 5106       4       org.springframework.core.annotation.AnnotationsScanner::scan (21 bytes)

Stack: [0x0000006f19700000,0x0000006f19800000]
Native frames: (J=compiled Java code, j=interpreted, Vv=VM code, C=native code)
V  [jvm.dll+0x6c9029]
V  [jvm.dll+0x854b81]
V  [jvm.dll+0x856e5e]
V  [jvm.dll+0x857543]
V  [jvm.dll+0x280c06]
V  [jvm.dll+0xc3ead]
V  [jvm.dll+0xc43c3]
V  [jvm.dll+0x3b576c]
V  [jvm.dll+0x1e20b9]
V  [jvm.dll+0x249c22]
V  [jvm.dll+0x2490b1]
V  [jvm.dll+0x1c9ca1]
V  [jvm.dll+0x2586b9]
V  [jvm.dll+0x256c9a]
V  [jvm.dll+0x3ef1b6]
V  [jvm.dll+0x7fd728]
V  [jvm.dll+0x6c777d]
C  [ucrtbase.dll+0x29333]
C  [KERNEL32.DLL+0x1259d]
C  [ntdll.dll+0x5af78]


---------------  P R O C E S S  ---------------

Threads class SMR info:
_java_thread_list=0x000002088825d080, length=29, elements={
0x000002083ff212d0, 0x000002083ff21ff0, 0x000002083ff23cf0, 0x000002083ff24fd0,
0x000002083ff25b60, 0x000002083ff266f0, 0x000002083ff2f5c0, 0x000002083ff33c30,
0x000002088528b9a0, 0x00000208852a1690, 0x0000020887b0e6a0, 0x0000020887b0c5d0,
0x0000020887b0cc60, 0x0000020887b0fa50, 0x0000020887b0d2f0, 0x0000020887b0d980,
0x0000020887b0e010, 0x0000020887b0ed30, 0x00000208886eae00, 0x00000208886e8d30,
0x00000208886e86a0, 0x00000208886ea0e0, 0x00000208886ea770, 0x00000208886e8010,
0x00000208886e6c60, 0x00000208886e93c0, 0x00000208886e4500, 0x00000208886e9a50,
0x000002088702aa60
}

Java Threads: ( => current thread )
  0x000002083ff212d0 JavaThread "Reference Handler"          daemon [_thread_blocked, id=17348, stack(0x0000006f17000000,0x0000006f17100000) (1024K)]
  0x000002083ff21ff0 JavaThread "Finalizer"                  daemon [_thread_blocked, id=18220, stack(0x0000006f17100000,0x0000006f17200000) (1024K)]
  0x000002083ff23cf0 JavaThread "Signal Dispatcher"          daemon [_thread_blocked, id=21560, stack(0x0000006f17200000,0x0000006f17300000) (1024K)]
  0x000002083ff24fd0 JavaThread "Attach Listener"            daemon [_thread_blocked, id=21536, stack(0x0000006f17300000,0x0000006f17400000) (1024K)]
  0x000002083ff25b60 JavaThread "Service Thread"             daemon [_thread_blocked, id=9528, stack(0x0000006f17400000,0x0000006f17500000) (1024K)]
  0x000002083ff266f0 JavaThread "Monitor Deflation Thread"   daemon [_thread_blocked, id=13636, stack(0x0000006f17500000,0x0000006f17600000) (1024K)]
  0x000002083ff2f5c0 JavaThread "C2 CompilerThread0"         daemon [_thread_in_native, id=5044, stack(0x0000006f17600000,0x0000006f17700000) (1024K)]
  0x000002083ff33c30 JavaThread "C1 CompilerThread0"         daemon [_thread_blocked, id=8852, stack(0x0000006f17700000,0x0000006f17800000) (1024K)]
  0x000002088528b9a0 JavaThread "Notification Thread"        daemon [_thread_blocked, id=20212, stack(0x0000006f17800000,0x0000006f17900000) (1024K)]
  0x00000208852a1690 JavaThread "Common-Cleaner"             daemon [_thread_blocked, id=15924, stack(0x0000006f17900000,0x0000006f17a00000) (1024K)]
  0x0000020887b0e6a0 JavaThread "Catalina-utility-1"                [_thread_blocked, id=19448, stack(0x0000006f17f00000,0x0000006f18000000) (1024K)]
  0x0000020887b0c5d0 JavaThread "Catalina-utility-2"                [_thread_blocked, id=11716, stack(0x0000006f18600000,0x0000006f18700000) (1024K)]
  0x0000020887b0cc60 JavaThread "container-0"                       [_thread_blocked, id=19056, stack(0x0000006f18700000,0x0000006f18800000) (1024K)]
  0x0000020887b0fa50 JavaThread "mysql-cj-abandoned-connection-cleanup" daemon [_thread_blocked, id=18188, stack(0x0000006f18800000,0x0000006f18900000) (1024K)]
  0x0000020887b0d2f0 JavaThread "HikariPool-1 housekeeper"   daemon [_thread_blocked, id=15584, stack(0x0000006f18b00000,0x0000006f18c00000) (1024K)]
  0x0000020887b0d980 JavaThread "http-nio-8081-exec-1"       daemon [_thread_in_native, id=18560, stack(0x0000006f18900000,0x0000006f18a00000) (1024K)]
  0x0000020887b0e010 JavaThread "http-nio-8081-exec-2"       daemon [_thread_blocked, id=9232, stack(0x0000006f18c00000,0x0000006f18d00000) (1024K)]
  0x0000020887b0ed30 JavaThread "http-nio-8081-exec-3"       daemon [_thread_blocked, id=9332, stack(0x0000006f18d00000,0x0000006f18e00000) (1024K)]
  0x00000208886eae00 JavaThread "http-nio-8081-exec-4"       daemon [_thread_blocked, id=3832, stack(0x0000006f18e00000,0x0000006f18f00000) (1024K)]
  0x00000208886e8d30 JavaThread "http-nio-8081-exec-5"       daemon [_thread_blocked, id=16820, stack(0x0000006f18f00000,0x0000006f19000000) (1024K)]
  0x00000208886e86a0 JavaThread "http-nio-8081-exec-6"       daemon [_thread_blocked, id=21480, stack(0x0000006f19000000,0x0000006f19100000) (1024K)]
  0x00000208886ea0e0 JavaThread "http-nio-8081-exec-7"       daemon [_thread_blocked, id=18928, stack(0x0000006f19100000,0x0000006f19200000) (1024K)]
  0x00000208886ea770 JavaThread "http-nio-8081-exec-8"       daemon [_thread_blocked, id=4620, stack(0x0000006f19200000,0x0000006f19300000) (1024K)]
  0x00000208886e8010 JavaThread "http-nio-8081-exec-9"       daemon [_thread_blocked, id=11456, stack(0x0000006f19300000,0x0000006f19400000) (1024K)]
  0x00000208886e6c60 JavaThread "http-nio-8081-exec-10"      daemon [_thread_blocked, id=11668, stack(0x0000006f19400000,0x0000006f19500000) (1024K)]
  0x00000208886e93c0 JavaThread "http-nio-8081-Poller"       daemon [_thread_in_native, id=2208, stack(0x0000006f19500000,0x0000006f19600000) (1024K)]
  0x00000208886e4500 JavaThread "http-nio-8081-Acceptor"     daemon [_thread_in_native, id=20496, stack(0x0000006f19600000,0x0000006f19700000) (1024K)]
  0x00000208886e9a50 JavaThread "DestroyJavaVM"                     [_thread_blocked, id=22180, stack(0x0000006f16800000,0x0000006f16900000) (1024K)]
=>0x000002088702aa60 JavaThread "C2 CompilerThread1"         daemon [_thread_in_native, id=21040, stack(0x0000006f19700000,0x0000006f19800000) (1024K)]
Total: 29

Other Threads:
  0x000002083ff026e0 VMThread "VM Thread"                           [id=2604, stack(0x0000006f16f00000,0x0000006f17000000) (1024K)]
  0x000002083fee89f0 WatcherThread "VM Periodic Task Thread"        [id=15564, stack(0x0000006f16e00000,0x0000006f16f00000) (1024K)]
  0x0000020821529000 WorkerThread "GC Thread#0"                     [id=10612, stack(0x0000006f16900000,0x0000006f16a00000) (1024K)]
  0x0000020885ed9610 WorkerThread "GC Thread#1"                     [id=2536, stack(0x0000006f17a00000,0x0000006f17b00000) (1024K)]
  0x0000020885ed0400 WorkerThread "GC Thread#2"                     [id=22356, stack(0x0000006f17b00000,0x0000006f17c00000) (1024K)]
  0x0000020885e675e0 WorkerThread "GC Thread#3"                     [id=8436, stack(0x0000006f17c00000,0x0000006f17d00000) (1024K)]
  0x0000020885ea0f70 WorkerThread "GC Thread#4"                     [id=7444, stack(0x0000006f17d00000,0x0000006f17e00000) (1024K)]
  0x0000020885ea1310 WorkerThread "GC Thread#5"                     [id=11872, stack(0x0000006f17e00000,0x0000006f17f00000) (1024K)]
  0x0000020886216ff0 WorkerThread "GC Thread#6"                     [id=8320, stack(0x0000006f18100000,0x0000006f18200000) (1024K)]
  0x00000208860fe510 WorkerThread "GC Thread#7"                     [id=10516, stack(0x0000006f18200000,0x0000006f18300000) (1024K)]
  0x00000208860fec50 WorkerThread "GC Thread#8"                     [id=4976, stack(0x0000006f18300000,0x0000006f18400000) (1024K)]
  0x00000208860feff0 WorkerThread "GC Thread#9"                     [id=18376, stack(0x0000006f18000000,0x0000006f18100000) (1024K)]
  0x0000020821538a60 ConcurrentGCThread "G1 Main Marker"            [id=21216, stack(0x0000006f16a00000,0x0000006f16b00000) (1024K)]
  0x0000020821539560 WorkerThread "G1 Conc#0"                       [id=7796, stack(0x0000006f16b00000,0x0000006f16c00000) (1024K)]
  0x00000208860fe8b0 WorkerThread "G1 Conc#1"                       [id=19444, stack(0x0000006f18400000,0x0000006f18500000) (1024K)]
  0x00000208860fe170 WorkerThread "G1 Conc#2"                       [id=3360, stack(0x0000006f18500000,0x0000006f18600000) (1024K)]
  0x000002082158e980 ConcurrentGCThread "G1 Refine#0"               [id=19968, stack(0x0000006f16c00000,0x0000006f16d00000) (1024K)]
  0x000002083fdba680 ConcurrentGCThread "G1 Service"                [id=16248, stack(0x0000006f16d00000,0x0000006f16e00000) (1024K)]
Total: 18

Threads with active compile tasks:
C2 CompilerThread0    16077 5312       4       org.springframework.core.annotation.TypeMappedAnnotations::scan (66 bytes)
C2 CompilerThread1    16077 5106       4       org.springframework.core.annotation.AnnotationsScanner::scan (21 bytes)
Total: 2

VM state: not at safepoint (normal execution)

VM Mutex/Monitor currently owned by a thread: None

Heap address: 0x000000008ac00000, size: 1876 MB, Compressed Oops mode: 32-bit

CDS archive(s) mapped at: [0x0000020840000000-0x0000020840c90000-0x0000020840c90000), size 13172736, SharedBaseAddress: 0x0000020840000000, ArchiveRelocationMode: 1.
Compressed class space mapped at: 0x0000020841000000-0x0000020881000000, reserved size: 1073741824
Narrow klass base: 0x0000020840000000, Narrow klass shift: 0, Narrow klass range: 0x100000000

GC Precious Log:
 CardTable entry size: 512
 Card Set container configuration: InlinePtr #cards 5 size 8 Array Of Cards #cards 12 size 40 Howl #buckets 4 coarsen threshold 1843 Howl Bitmap #cards 512 size 80 coarsen threshold 460 Card regions per heap region 1 cards per card region 2048
 CPUs: 12 total, 12 available
 Memory: 7501M
 Large Page Support: Disabled
 NUMA Support: Disabled
 Compressed Oops: Enabled (32-bit)
 Heap Region Size: 1M
 Heap Min Capacity: 8M
 Heap Initial Capacity: 118M
 Heap Max Capacity: 1876M
 Pre-touch: Disabled
 Parallel Workers: 10
 Concurrent Workers: 3
 Concurrent Refinement Workers: 10
 Periodic GC: Disabled

Heap:
 garbage-first heap   total 66560K, used 45969K [0x000000008ac00000, 0x0000000100000000)
  region size 1024K, 23 young (23552K), 5 survivors (5120K)
 Metaspace       used 67251K, committed 67904K, reserved 1114112K
  class space    used 9201K, committed 9472K, reserved 1048576K

Heap Regions: E=young(eden), S=young(survivor), O=old, HS=humongous(starts), HC=humongous(continues), CS=collection set, F=free, TAMS=top-at-mark-start, PB=parsable bottom
|   0|0x000000008ac00000, 0x000000008ad00000, 0x000000008ad00000|100%|HS|  |TAMS 0x000000008ac00000| PB 0x000000008ac00000| Complete 
|   1|0x000000008ad00000, 0x000000008ae00000, 0x000000008ae00000|100%|HS|  |TAMS 0x000000008ad00000| PB 0x000000008ad00000| Complete 
|   2|0x000000008ae00000, 0x000000008af00000, 0x000000008af00000|100%| O|  |TAMS 0x000000008ae00000| PB 0x000000008ae00000| Untracked 
|   3|0x000000008af00000, 0x000000008b000000, 0x000000008b000000|100%| O|  |TAMS 0x000000008af00000| PB 0x000000008af00000| Untracked 
|   4|0x000000008b000000, 0x000000008b100000, 0x000000008b100000|100%| O|  |TAMS 0x000000008b000000| PB 0x000000008b000000| Untracked 
|   5|0x000000008b100000, 0x000000008b200000, 0x000000008b200000|100%| O|  |TAMS 0x000000008b100000| PB 0x000000008b100000| Untracked 
|   6|0x000000008b200000, 0x000000008b300000, 0x000000008b300000|100%| O|  |TAMS 0x000000008b200000| PB 0x000000008b200000| Untracked 
|   7|0x000000008b300000, 0x000000008b3fbd50, 0x000000008b400000| 98%| O|  |TAMS 0x000000008b300000| PB 0x000000008b300000| Untracked 
|   8|0x000000008b400000, 0x000000008b500000, 0x000000008b500000|100%| O|  |TAMS 0x000000008b400000| PB 0x000000008b400000| Untracked 
|   9|0x000000008b500000, 0x000000008b600000, 0x000000008b600000|100%| O|  |TAMS 0x000000008b500000| PB 0x000000008b500000| Untracked 
|  10|0x000000008b600000, 0x000000008b700000, 0x000000008b700000|100%| O|  |TAMS 0x000000008b600000| PB 0x000000008b600000| Untracked 
|  11|0x000000008b700000, 0x000000008b800000, 0x000000008b800000|100%| O|  |TAMS 0x000000008b700000| PB 0x000000008b700000| Untracked 
|  12|0x000000008b800000, 0x000000008b900000, 0x000000008b900000|100%| O|  |TAMS 0x000000008b800000| PB 0x000000008b800000| Untracked 
|  13|0x000000008b900000, 0x000000008ba00000, 0x000000008ba00000|100%| O|  |TAMS 0x000000008b900000| PB 0x000000008b900000| Untracked 
|  14|0x000000008ba00000, 0x000000008bb00000, 0x000000008bb00000|100%| O|  |TAMS 0x000000008ba00000| PB 0x000000008ba00000| Untracked 
|  15|0x000000008bb00000, 0x000000008bc00000, 0x000000008bc00000|100%| O|  |TAMS 0x000000008bb00000| PB 0x000000008bb00000| Untracked 
|  16|0x000000008bc00000, 0x000000008bd00000, 0x000000008bd00000|100%| O|  |TAMS 0x000000008bc00000| PB 0x000000008bc00000| Untracked 
|  17|0x000000008bd00000, 0x000000008be00000, 0x000000008be00000|100%| O|  |TAMS 0x000000008bd00000| PB 0x000000008bd00000| Untracked 
|  18|0x000000008be00000, 0x000000008bf00000, 0x000000008bf00000|100%| O|Cm|TAMS 0x000000008be00000| PB 0x000000008be00000| Complete 
|  19|0x000000008bf00000, 0x000000008c000000, 0x000000008c000000|100%| O|  |TAMS 0x000000008bf00000| PB 0x000000008bf00000| Untracked 
|  20|0x000000008c000000, 0x000000008c100000, 0x000000008c100000|100%| O|  |TAMS 0x000000008c000000| PB 0x000000008c000000| Untracked 
|  21|0x000000008c100000, 0x000000008c200000, 0x000000008c200000|100%| O|  |TAMS 0x000000008c100000| PB 0x000000008c100000| Untracked 
|  22|0x000000008c200000, 0x000000008c300000, 0x000000008c300000|100%| O|  |TAMS 0x000000008c200000| PB 0x000000008c200000| Untracked 
|  23|0x000000008c300000, 0x000000008c3f19c8, 0x000000008c400000| 94%| O|  |TAMS 0x000000008c300000| PB 0x000000008c300000| Untracked 
|  24|0x000000008c400000, 0x000000008c400000, 0x000000008c500000|  0%| F|  |TAMS 0x000000008c400000| PB 0x000000008c400000| Untracked 
|  25|0x000000008c500000, 0x000000008c500000, 0x000000008c600000|  0%| F|  |TAMS 0x000000008c500000| PB 0x000000008c500000| Untracked 
|  26|0x000000008c600000, 0x000000008c600000, 0x000000008c700000|  0%| F|  |TAMS 0x000000008c600000| PB 0x000000008c600000| Untracked 
|  27|0x000000008c700000, 0x000000008c700000, 0x000000008c800000|  0%| F|  |TAMS 0x000000008c700000| PB 0x000000008c700000| Untracked 
|  28|0x000000008c800000, 0x000000008c800000, 0x000000008c900000|  0%| F|  |TAMS 0x000000008c800000| PB 0x000000008c800000| Untracked 
|  29|0x000000008c900000, 0x000000008c9f6fc0, 0x000000008ca00000| 96%| S|CS|TAMS 0x000000008c900000| PB 0x000000008c900000| Complete 
|  30|0x000000008ca00000, 0x000000008cb00000, 0x000000008cb00000|100%| S|CS|TAMS 0x000000008ca00000| PB 0x000000008ca00000| Complete 
|  31|0x000000008cb00000, 0x000000008cc00000, 0x000000008cc00000|100%| S|CS|TAMS 0x000000008cb00000| PB 0x000000008cb00000| Complete 
|  32|0x000000008cc00000, 0x000000008cd00000, 0x000000008cd00000|100%| S|CS|TAMS 0x000000008cc00000| PB 0x000000008cc00000| Complete 
|  33|0x000000008cd00000, 0x000000008ce00000, 0x000000008ce00000|100%| S|CS|TAMS 0x000000008cd00000| PB 0x000000008cd00000| Complete 
|  34|0x000000008ce00000, 0x000000008ce00000, 0x000000008cf00000|  0%| F|  |TAMS 0x000000008ce00000| PB 0x000000008ce00000| Untracked 
|  35|0x000000008cf00000, 0x000000008cf00000, 0x000000008d000000|  0%| F|  |TAMS 0x000000008cf00000| PB 0x000000008cf00000| Untracked 
|  36|0x000000008d000000, 0x000000008d000000, 0x000000008d100000|  0%| F|  |TAMS 0x000000008d000000| PB 0x000000008d000000| Untracked 
|  37|0x000000008d100000, 0x000000008d100000, 0x000000008d200000|  0%| F|  |TAMS 0x000000008d100000| PB 0x000000008d100000| Untracked 
|  38|0x000000008d200000, 0x000000008d200000, 0x000000008d300000|  0%| F|  |TAMS 0x000000008d200000| PB 0x000000008d200000| Untracked 
|  39|0x000000008d300000, 0x000000008d300000, 0x000000008d400000|  0%| F|  |TAMS 0x000000008d300000| PB 0x000000008d300000| Untracked 
|  40|0x000000008d400000, 0x000000008d400000, 0x000000008d500000|  0%| F|  |TAMS 0x000000008d400000| PB 0x000000008d400000| Untracked 
|  41|0x000000008d500000, 0x000000008d500000, 0x000000008d600000|  0%| F|  |TAMS 0x000000008d500000| PB 0x000000008d500000| Untracked 
|  42|0x000000008d600000, 0x000000008d600000, 0x000000008d700000|  0%| F|  |TAMS 0x000000008d600000| PB 0x000000008d600000| Untracked 
|  43|0x000000008d700000, 0x000000008d700000, 0x000000008d800000|  0%| F|  |TAMS 0x000000008d700000| PB 0x000000008d700000| Untracked 
|  44|0x000000008d800000, 0x000000008d800000, 0x000000008d900000|  0%| F|  |TAMS 0x000000008d800000| PB 0x000000008d800000| Untracked 
|  45|0x000000008d900000, 0x000000008d900000, 0x000000008da00000|  0%| F|  |TAMS 0x000000008d900000| PB 0x000000008d900000| Untracked 
|  46|0x000000008da00000, 0x000000008da02080, 0x000000008db00000|  0%| E|  |TAMS 0x000000008da00000| PB 0x000000008da00000| Complete 
|  47|0x000000008db00000, 0x000000008dc00000, 0x000000008dc00000|100%| E|CS|TAMS 0x000000008db00000| PB 0x000000008db00000| Complete 
|  48|0x000000008dc00000, 0x000000008dd00000, 0x000000008dd00000|100%| E|  |TAMS 0x000000008dc00000| PB 0x000000008dc00000| Complete 
|  49|0x000000008dd00000, 0x000000008de00000, 0x000000008de00000|100%| E|CS|TAMS 0x000000008dd00000| PB 0x000000008dd00000| Complete 
|  50|0x000000008de00000, 0x000000008df00000, 0x000000008df00000|100%| E|CS|TAMS 0x000000008de00000| PB 0x000000008de00000| Complete 
|  51|0x000000008df00000, 0x000000008e000000, 0x000000008e000000|100%| E|CS|TAMS 0x000000008df00000| PB 0x000000008df00000| Complete 
|  52|0x000000008e000000, 0x000000008e100000, 0x000000008e100000|100%| E|CS|TAMS 0x000000008e000000| PB 0x000000008e000000| Complete 
|  53|0x000000008e100000, 0x000000008e200000, 0x000000008e200000|100%| E|CS|TAMS 0x000000008e100000| PB 0x000000008e100000| Complete 
|  54|0x000000008e200000, 0x000000008e300000, 0x000000008e300000|100%| E|CS|TAMS 0x000000008e200000| PB 0x000000008e200000| Complete 
|  55|0x000000008e300000, 0x000000008e400000, 0x000000008e400000|100%| E|CS|TAMS 0x000000008e300000| PB 0x000000008e300000| Complete 
|  56|0x000000008e400000, 0x000000008e500000, 0x000000008e500000|100%| E|CS|TAMS 0x000000008e400000| PB 0x000000008e400000| Complete 
|  68|0x000000008f000000, 0x000000008f100000, 0x000000008f100000|100%| E|CS|TAMS 0x000000008f000000| PB 0x000000008f000000| Complete 
|  69|0x000000008f100000, 0x000000008f200000, 0x000000008f200000|100%| E|CS|TAMS 0x000000008f100000| PB 0x000000008f100000| Complete 
|  70|0x000000008f200000, 0x000000008f300000, 0x000000008f300000|100%| E|CS|TAMS 0x000000008f200000| PB 0x000000008f200000| Complete 
|  71|0x000000008f300000, 0x000000008f400000, 0x000000008f400000|100%| E|CS|TAMS 0x000000008f300000| PB 0x000000008f300000| Complete 
|  72|0x000000008f400000, 0x000000008f500000, 0x000000008f500000|100%| E|CS|TAMS 0x000000008f400000| PB 0x000000008f400000| Complete 
|  73|0x000000008f500000, 0x000000008f600000, 0x000000008f600000|100%| E|CS|TAMS 0x000000008f500000| PB 0x000000008f500000| Complete 
|  74|0x000000008f600000, 0x000000008f700000, 0x000000008f700000|100%| E|CS|TAMS 0x000000008f600000| PB 0x000000008f600000| Complete 
| 117|0x0000000092100000, 0x0000000092200000, 0x0000000092200000|100%| E|CS|TAMS 0x0000000092100000| PB 0x0000000092100000| Complete 

Card table byte_map: [0x000002083b150000,0x000002083b500000] _byte_map_base: 0x000002083acfa000

Marking Bits: (CMBitMap*) 0x0000020821529700
 Bits: [0x000002083b500000, 0x000002083d250000)

Polling page: 0x0000020821590000

Metaspace:

Usage:
  Non-class:     56.70 MB used.
      Class:      8.99 MB used.
       Both:     65.69 MB used.

Virtual space:
  Non-class space:       64.00 MB reserved,      57.06 MB ( 89%) committed,  1 nodes.
      Class space:        1.00 GB reserved,       9.25 MB ( <1%) committed,  1 nodes.
             Both:        1.06 GB reserved,      66.31 MB (  6%) committed. 

Chunk freelists:
   Non-Class:  6.59 MB
       Class:  6.67 MB
        Both:  13.25 MB

MaxMetaspaceSize: unlimited
CompressedClassSpaceSize: 1.00 GB
Initial GC threshold: 21.00 MB
Current GC threshold: 98.12 MB
CDS: on
 - commit_granule_bytes: 65536.
 - commit_granule_words: 8192.
 - virtual_space_node_default_size: 8388608.
 - enlarge_chunks_in_place: 1.
 - use_allocation_guard: 0.


Internal statistics:

num_allocs_failed_limit: 9.
num_arena_births: 966.
num_arena_deaths: 0.
num_vsnodes_births: 2.
num_vsnodes_deaths: 0.
num_space_committed: 1062.
num_space_uncommitted: 0.
num_chunks_returned_to_freelist: 9.
num_chunks_taken_from_freelist: 3423.
num_chunk_merges: 9.
num_chunk_splits: 2472.
num_chunks_enlarged: 1936.
num_inconsistent_stats: 0.

CodeHeap 'non-profiled nmethods': size=120000Kb used=2958Kb max_used=2958Kb free=117041Kb
 bounds [0x0000020832bd0000, 0x0000020832ed0000, 0x000002083a100000]
CodeHeap 'profiled nmethods': size=120000Kb used=9163Kb max_used=9258Kb free=110836Kb
 bounds [0x000002082b100000, 0x000002082ba10000, 0x0000020832630000]
CodeHeap 'non-nmethods': size=5760Kb used=1662Kb max_used=1692Kb free=4097Kb
 bounds [0x0000020832630000, 0x00000208328a0000, 0x0000020832bd0000]
 total_blobs=5489 nmethods=4787 adapters=606
 compilation: enabled
              stopped_count=0, restarted_count=0
 full_count=0

Compilation events (20 events):
Event: 15.637 Thread 0x000002083ff2f5c0 nmethod 5112 0x0000020832d7a010 code [0x0000020832d7a1c0, 0x0000020832d7a340]
Event: 15.637 Thread 0x000002083ff2f5c0 5256       4       org.springframework.core.ResolvableType::isUnresolvableTypeVariable (59 bytes)
Event: 15.639 Thread 0x000002083ff2f5c0 nmethod 5256 0x0000020832d79a10 code [0x0000020832d79be0, 0x0000020832d79e00]
Event: 15.639 Thread 0x000002083ff2f5c0 5312       4       org.springframework.core.annotation.TypeMappedAnnotations::scan (66 bytes)
Event: 15.796 Thread 0x000002088702aa60 nmethod 4922 0x0000020832d64410 code [0x0000020832d64a60, 0x0000020832d67f98]
Event: 15.796 Thread 0x000002088702aa60 5106       4       org.springframework.core.annotation.AnnotationsScanner::scan (21 bytes)
Event: 15.935 Thread 0x000002083ff33c30 5465       3       java.lang.Long::stringSize (55 bytes)
Event: 15.936 Thread 0x000002083ff33c30 nmethod 5465 0x000002082b688090 code [0x000002082b688240, 0x000002082b6884d0]
Event: 15.936 Thread 0x000002083ff33c30 5466       3       java.lang.Long::getChars (195 bytes)
Event: 15.937 Thread 0x000002083ff33c30 nmethod 5466 0x000002082b687490 code [0x000002082b687680, 0x000002082b687cc8]
Event: 15.962 Thread 0x000002083ff33c30 5468       3       java.util.ResourceBundle$KeyElementReference::<init> (12 bytes)
Event: 15.963 Thread 0x000002083ff33c30 nmethod 5468 0x000002082b686e10 code [0x000002082b686fe0, 0x000002082b687378]
Event: 15.984 Thread 0x000002083ff33c30 5474       3       java.nio.HeapByteBuffer::put (17 bytes)
Event: 15.984 Thread 0x000002083ff33c30 nmethod 5474 0x000002082b686890 code [0x000002082b686a40, 0x000002082b686c90]
Event: 15.984 Thread 0x000002083ff33c30 5475   !   3       org.apache.tomcat.util.http.parser.HttpParser::isControl (9 bytes)
Event: 15.985 Thread 0x000002083ff33c30 nmethod 5475 0x000002082b686490 code [0x000002082b686640, 0x000002082b6867b0]
Event: 16.015 Thread 0x000002083ff33c30 5476       3       java.nio.Buffer::rewind (12 bytes)
Event: 16.015 Thread 0x000002083ff33c30 nmethod 5476 0x000002082b686110 code [0x000002082b6862a0, 0x000002082b6863c0]
Event: 16.028 Thread 0x000002083ff33c30 5477       3       java.nio.ByteBuffer::rewind (7 bytes)
Event: 16.029 Thread 0x000002083ff33c30 nmethod 5477 0x000002082b685d10 code [0x000002082b685ec0, 0x000002082b686038]

GC Heap History (20 events):
Event: 1.425 GC heap before
{Heap before GC invocations=0 (full 0):
 garbage-first heap   total 120832K, used 24576K [0x000000008ac00000, 0x0000000100000000)
  region size 1024K, 23 young (23552K), 0 survivors (0K)
 Metaspace       used 6206K, committed 6400K, reserved 1114112K
  class space    used 746K, committed 832K, reserved 1048576K
}
Event: 1.437 GC heap after
{Heap after GC invocations=1 (full 0):
 garbage-first heap   total 120832K, used 8048K [0x000000008ac00000, 0x0000000100000000)
  region size 1024K, 3 young (3072K), 3 survivors (3072K)
 Metaspace       used 6206K, committed 6400K, reserved 1114112K
  class space    used 746K, committed 832K, reserved 1048576K
}
Event: 2.292 GC heap before
{Heap before GC invocations=1 (full 0):
 garbage-first heap   total 120832K, used 34672K [0x000000008ac00000, 0x0000000100000000)
  region size 1024K, 30 young (30720K), 3 survivors (3072K)
 Metaspace       used 12968K, committed 13312K, reserved 1114112K
  class space    used 1773K, committed 1920K, reserved 1048576K
}
Event: 2.301 GC heap after
{Heap after GC invocations=2 (full 0):
 garbage-first heap   total 120832K, used 10223K [0x000000008ac00000, 0x0000000100000000)
  region size 1024K, 2 young (2048K), 2 survivors (2048K)
 Metaspace       used 12968K, committed 13312K, reserved 1114112K
  class space    used 1773K, committed 1920K, reserved 1048576K
}
Event: 3.303 GC heap before
{Heap before GC invocations=2 (full 0):
 garbage-first heap   total 120832K, used 51183K [0x000000008ac00000, 0x0000000100000000)
  region size 1024K, 43 young (44032K), 2 survivors (2048K)
 Metaspace       used 21233K, committed 21504K, reserved 1114112K
  class space    used 2692K, committed 2816K, reserved 1048576K
}
Event: 3.315 GC heap after
{Heap after GC invocations=3 (full 0):
 garbage-first heap   total 120832K, used 14823K [0x000000008ac00000, 0x0000000100000000)
  region size 1024K, 7 young (7168K), 7 survivors (7168K)
 Metaspace       used 21233K, committed 21504K, reserved 1114112K
  class space    used 2692K, committed 2816K, reserved 1048576K
}
Event: 4.652 GC heap before
{Heap before GC invocations=4 (full 0):
 garbage-first heap   total 55296K, used 40423K [0x000000008ac00000, 0x0000000100000000)
  region size 1024K, 32 young (32768K), 7 survivors (7168K)
 Metaspace       used 25291K, committed 25728K, reserved 1114112K
  class space    used 3264K, committed 3456K, reserved 1048576K
}
Event: 4.674 GC heap after
{Heap after GC invocations=5 (full 0):
 garbage-first heap   total 55296K, used 16595K [0x000000008ac00000, 0x0000000100000000)
  region size 1024K, 3 young (3072K), 3 survivors (3072K)
 Metaspace       used 25291K, committed 25728K, reserved 1114112K
  class space    used 3264K, committed 3456K, reserved 1048576K
}
Event: 6.321 GC heap before
{Heap before GC invocations=5 (full 0):
 garbage-first heap   total 55296K, used 41171K [0x000000008ac00000, 0x0000000100000000)
  region size 1024K, 28 young (28672K), 3 survivors (3072K)
 Metaspace       used 30869K, committed 31296K, reserved 1114112K
  class space    used 3996K, committed 4160K, reserved 1048576K
}
Event: 6.346 GC heap after
{Heap after GC invocations=6 (full 0):
 garbage-first heap   total 55296K, used 19276K [0x000000008ac00000, 0x0000000100000000)
  region size 1024K, 4 young (4096K), 4 survivors (4096K)
 Metaspace       used 30869K, committed 31296K, reserved 1114112K
  class space    used 3996K, committed 4160K, reserved 1048576K
}
Event: 8.279 GC heap before
{Heap before GC invocations=6 (full 0):
 garbage-first heap   total 55296K, used 40780K [0x000000008ac00000, 0x0000000100000000)
  region size 1024K, 26 young (26624K), 4 survivors (4096K)
 Metaspace       used 35402K, committed 35968K, reserved 1114112K
  class space    used 4633K, committed 4928K, reserved 1048576K
}
Event: 8.285 GC heap after
{Heap after GC invocations=7 (full 0):
 garbage-first heap   total 55296K, used 21100K [0x000000008ac00000, 0x0000000100000000)
  region size 1024K, 2 young (2048K), 2 survivors (2048K)
 Metaspace       used 35402K, committed 35968K, reserved 1114112K
  class space    used 4633K, committed 4928K, reserved 1048576K
}
Event: 9.599 GC heap before
{Heap before GC invocations=8 (full 0):
 garbage-first heap   total 55296K, used 43628K [0x000000008ac00000, 0x0000000100000000)
  region size 1024K, 25 young (25600K), 2 survivors (2048K)
 Metaspace       used 41988K, committed 42560K, reserved 1114112K
  class space    used 5580K, committed 5824K, reserved 1048576K
}
Event: 9.605 GC heap after
{Heap after GC invocations=9 (full 0):
 garbage-first heap   total 66560K, used 23093K [0x000000008ac00000, 0x0000000100000000)
  region size 1024K, 4 young (4096K), 4 survivors (4096K)
 Metaspace       used 41988K, committed 42560K, reserved 1114112K
  class space    used 5580K, committed 5824K, reserved 1048576K
}
Event: 11.504 GC heap before
{Heap before GC invocations=9 (full 0):
 garbage-first heap   total 66560K, used 53813K [0x000000008ac00000, 0x0000000100000000)
  region size 1024K, 35 young (35840K), 4 survivors (4096K)
 Metaspace       used 52204K, committed 52800K, reserved 1114112K
  class space    used 6955K, committed 7232K, reserved 1048576K
}
Event: 11.512 GC heap after
{Heap after GC invocations=10 (full 0):
 garbage-first heap   total 66560K, used 24518K [0x000000008ac00000, 0x0000000100000000)
  region size 1024K, 5 young (5120K), 5 survivors (5120K)
 Metaspace       used 52204K, committed 52800K, reserved 1114112K
  class space    used 6955K, committed 7232K, reserved 1048576K
}
Event: 13.244 GC heap before
{Heap before GC invocations=10 (full 0):
 garbage-first heap   total 66560K, used 53190K [0x000000008ac00000, 0x0000000100000000)
  region size 1024K, 34 young (34816K), 5 survivors (5120K)
 Metaspace       used 59567K, committed 60160K, reserved 1114112K
  class space    used 8047K, committed 8320K, reserved 1048576K
}
Event: 13.253 GC heap after
{Heap after GC invocations=11 (full 0):
 garbage-first heap   total 66560K, used 26625K [0x000000008ac00000, 0x0000000100000000)
  region size 1024K, 5 young (5120K), 5 survivors (5120K)
 Metaspace       used 59567K, committed 60160K, reserved 1114112K
  class space    used 8047K, committed 8320K, reserved 1048576K
}
Event: 14.607 GC heap before
{Heap before GC invocations=12 (full 0):
 garbage-first heap   total 66560K, used 56321K [0x000000008ac00000, 0x0000000100000000)
  region size 1024K, 34 young (34816K), 5 survivors (5120K)
 Metaspace       used 64060K, committed 64768K, reserved 1114112K
  class space    used 8801K, committed 9152K, reserved 1048576K
}
Event: 14.614 GC heap after
{Heap after GC invocations=13 (full 0):
 garbage-first heap   total 66560K, used 29585K [0x000000008ac00000, 0x0000000100000000)
  region size 1024K, 5 young (5120K), 5 survivors (5120K)
 Metaspace       used 64060K, committed 64768K, reserved 1114112K
  class space    used 8801K, committed 9152K, reserved 1048576K
}

Dll operation events (11 events):
Event: 0.011 Loaded shared library C:\Program Files\Java\jdk-21\bin\java.dll
Event: 0.065 Loaded shared library C:\Program Files\Java\jdk-21\bin\jsvml.dll
Event: 0.153 Loaded shared library C:\Program Files\Java\jdk-21\bin\net.dll
Event: 0.156 Loaded shared library C:\Program Files\Java\jdk-21\bin\nio.dll
Event: 0.160 Loaded shared library C:\Program Files\Java\jdk-21\bin\zip.dll
Event: 0.472 Loaded shared library C:\Program Files\Java\jdk-21\bin\jimage.dll
Event: 3.124 Loaded shared library C:\Program Files\Java\jdk-21\bin\sunmscapi.dll
Event: 6.175 Loaded shared library C:\Program Files\Java\jdk-21\bin\management.dll
Event: 6.184 Loaded shared library C:\Program Files\Java\jdk-21\bin\management_ext.dll
Event: 8.510 Loaded shared library C:\Program Files\Java\jdk-21\bin\verify.dll
Event: 9.305 Loaded shared library C:\Program Files\Java\jdk-21\bin\extnet.dll

Deoptimization events (20 events):
Event: 15.002 Thread 0x00000208214db0e0 Uncommon trap: trap_request=0xffffffde fr.pc=0x0000020832c3d69c relative=0x00000000000001bc
Event: 15.002 Thread 0x00000208214db0e0 Uncommon trap: reason=class_check action=maybe_recompile pc=0x0000020832c3d69c method=org.springframework.boot.context.properties.source.ConfigurationPropertyName$Elements.charAt(II)C @ 43 c2
Event: 15.002 Thread 0x00000208214db0e0 DEOPT PACKING pc=0x0000020832c3d69c sp=0x0000006f168fc300
Event: 15.002 Thread 0x00000208214db0e0 DEOPT UNPACKING pc=0x00000208326846a2 sp=0x0000006f168fc278 mode 2
Event: 15.002 Thread 0x00000208214db0e0 Uncommon trap: trap_request=0xffffffde fr.pc=0x0000020832c3d69c relative=0x00000000000001bc
Event: 15.002 Thread 0x00000208214db0e0 Uncommon trap: reason=class_check action=maybe_recompile pc=0x0000020832c3d69c method=org.springframework.boot.context.properties.source.ConfigurationPropertyName$Elements.charAt(II)C @ 43 c2
Event: 15.002 Thread 0x00000208214db0e0 DEOPT PACKING pc=0x0000020832c3d69c sp=0x0000006f168fc300
Event: 15.002 Thread 0x00000208214db0e0 DEOPT UNPACKING pc=0x00000208326846a2 sp=0x0000006f168fc278 mode 2
Event: 15.035 Thread 0x00000208214db0e0 Uncommon trap: trap_request=0xfffffff4 fr.pc=0x0000020832d1d614 relative=0x0000000000000254
Event: 15.035 Thread 0x00000208214db0e0 Uncommon trap: reason=null_check action=make_not_entrant pc=0x0000020832d1d614 method=org.springframework.util.ClassUtils.isAssignable(Ljava/lang/Class;Ljava/lang/Class;)Z @ 14 c2
Event: 15.036 Thread 0x00000208214db0e0 DEOPT PACKING pc=0x0000020832d1d614 sp=0x0000006f168fe770
Event: 15.036 Thread 0x00000208214db0e0 DEOPT UNPACKING pc=0x00000208326846a2 sp=0x0000006f168fe700 mode 2
Event: 15.222 Thread 0x00000208214db0e0 Uncommon trap: trap_request=0xffffff45 fr.pc=0x0000020832c7afd8 relative=0x00000000000009b8
Event: 15.222 Thread 0x00000208214db0e0 Uncommon trap: reason=unstable_if action=reinterpret pc=0x0000020832c7afd8 method=java.lang.Integer.stringSize(I)I @ 19 c2
Event: 15.222 Thread 0x00000208214db0e0 DEOPT PACKING pc=0x0000020832c7afd8 sp=0x0000006f168fe4a0
Event: 15.222 Thread 0x00000208214db0e0 DEOPT UNPACKING pc=0x00000208326846a2 sp=0x0000006f168fe3f8 mode 2
Event: 15.261 Thread 0x00000208214db0e0 DEOPT PACKING pc=0x000002082b7c09f6 sp=0x0000006f168fed20
Event: 15.261 Thread 0x00000208214db0e0 DEOPT UNPACKING pc=0x0000020832684e42 sp=0x0000006f168fe1f8 mode 0
Event: 15.962 Thread 0x0000020887b0d980 DEOPT PACKING pc=0x000002082b12ec59 sp=0x0000006f189fd9a0
Event: 15.962 Thread 0x0000020887b0d980 DEOPT UNPACKING pc=0x0000020832684e42 sp=0x0000006f189fce90 mode 0

Classes loaded (20 events):
Event: 15.903 Loading class sun/nio/ch/SocketAdaptor
Event: 15.904 Loading class sun/nio/ch/SocketAdaptor done
Event: 15.905 Loading class sun/nio/ch/SocketChannelImpl$DefaultOptionsHolder
Event: 15.905 Loading class sun/nio/ch/SocketChannelImpl$DefaultOptionsHolder done
Event: 15.908 Loading class sun/nio/ch/SelectionKeyImpl
Event: 15.909 Loading class java/nio/channels/spi/AbstractSelectionKey
Event: 15.909 Loading class java/nio/channels/SelectionKey
Event: 15.909 Loading class java/nio/channels/SelectionKey done
Event: 15.909 Loading class java/nio/channels/spi/AbstractSelectionKey done
Event: 15.909 Loading class sun/nio/ch/SelectionKeyImpl done
Event: 15.910 Loading class java/lang/invoke/ConstantBootstraps
Event: 15.910 Loading class java/lang/invoke/ConstantBootstraps done
Event: 15.987 Loading class sun/nio/cs/ThreadLocalCoders
Event: 15.988 Loading class sun/nio/cs/ThreadLocalCoders done
Event: 15.988 Loading class sun/nio/cs/ThreadLocalCoders$1
Event: 15.988 Loading class sun/nio/cs/ThreadLocalCoders$Cache
Event: 15.988 Loading class sun/nio/cs/ThreadLocalCoders$Cache done
Event: 15.988 Loading class sun/nio/cs/ThreadLocalCoders$1 done
Event: 15.988 Loading class sun/nio/cs/ThreadLocalCoders$2
Event: 15.988 Loading class sun/nio/cs/ThreadLocalCoders$2 done

Classes unloaded (0 events):
No events

Classes redefined (0 events):
No events

Internal exceptions (20 events):
Event: 12.861 Thread 0x00000208214db0e0 Implicit null exception at 0x0000020832e5bef7 to 0x0000020832e5c168
Event: 12.950 Thread 0x00000208214db0e0 Implicit null exception at 0x0000020832e6d638 to 0x0000020832e6f0a8
Event: 12.966 Thread 0x00000208214db0e0 Exception <a 'java/lang/IncompatibleClassChangeError'{0x000000008d558a20}: Found class java.lang.Object, but interface was expected> (0x000000008d558a20) 
thrown [s\open\src\hotspot\share\interpreter\linkResolver.cpp, line 840]
Event: 13.048 Thread 0x00000208214db0e0 Exception <a 'java/lang/IncompatibleClassChangeError'{0x000000008d4d5740}: Found class java.lang.Object, but interface was expected> (0x000000008d4d5740) 
thrown [s\open\src\hotspot\share\interpreter\linkResolver.cpp, line 840]
Event: 13.355 Thread 0x00000208214db0e0 Exception <a 'java/lang/IncompatibleClassChangeError'{0x000000008f6d0ed8}: Found class java.lang.Object, but interface was expected> (0x000000008f6d0ed8) 
thrown [s\open\src\hotspot\share\interpreter\linkResolver.cpp, line 840]
Event: 13.500 Thread 0x00000208214db0e0 Exception <a 'java/lang/IncompatibleClassChangeError'{0x000000008f376398}: Found class java.lang.Object, but interface was expected> (0x000000008f376398) 
thrown [s\open\src\hotspot\share\interpreter\linkResolver.cpp, line 840]
Event: 13.502 Thread 0x00000208214db0e0 Exception <a 'java/lang/IncompatibleClassChangeError'{0x000000008f37b890}: Found class java.lang.Object, but interface was expected> (0x000000008f37b890) 
thrown [s\open\src\hotspot\share\interpreter\linkResolver.cpp, line 840]
Event: 13.613 Thread 0x00000208214db0e0 Exception <a 'java/lang/NoSuchMethodError'{0x000000008f1f4aa8}: 'void java.lang.invoke.Invokers$Holder.invokeExact_MT(java.lang.Object, java.lang.Object, java.lang.Object, java.lang.Object)'> (0x000000008f1f4aa8) 
thrown [s\open\src\hotspot\share\interpreter\linkResolver.cpp, line 773]
Event: 13.694 Thread 0x00000208214db0e0 Exception <a 'java/lang/NoSuchMethodError'{0x000000008e32a878}: 'java.lang.Object java.lang.invoke.DirectMethodHandle$Holder.newInvokeSpecial(java.lang.Object, java.lang.Object, java.lang.Object, java.lang.Object, java.lang.Object, java.lang.Object, java.lang.Object, java.lang.Object)'> (0x000000008e32a878) 
thrown [s\open\src\hotspot\share\interpreter\linkResolver.cpp, line 773]
Event: 13.756 Thread 0x00000208214db0e0 Exception <a 'sun/nio/fs/WindowsException'{0x000000008e2cc720}> (0x000000008e2cc720) 
thrown [s\open\src\hotspot\share\prims\jni.cpp, line 520]
Event: 14.313 Thread 0x00000208214db0e0 Exception <a 'java/lang/IncompatibleClassChangeError'{0x000000008d57dbf8}: Found class java.lang.Object, but interface was expected> (0x000000008d57dbf8) 
thrown [s\open\src\hotspot\share\interpreter\linkResolver.cpp, line 840]
Event: 14.632 Thread 0x00000208214db0e0 Exception <a 'java/lang/NoSuchMethodError'{0x000000009214b020}: 'java.lang.Object java.lang.invoke.DirectMethodHandle$Holder.invokeInterface(java.lang.Object, java.lang.Object, java.lang.Object, java.lang.Object)'> (0x000000009214b020) 
thrown [s\open\src\hotspot\share\interpreter\linkResolver.cpp, line 773]
Event: 14.725 Thread 0x00000208214db0e0 Exception <a 'java/lang/NoSuchMethodError'{0x000000008f549fe0}: 'void java.lang.invoke.DirectMethodHandle$Holder.invokeVirtual(java.lang.Object, java.lang.Object, long)'> (0x000000008f549fe0) 
thrown [s\open\src\hotspot\share\interpreter\linkResolver.cpp, line 773]
Event: 14.835 Thread 0x00000208214db0e0 Exception <a 'java/lang/NoSuchMethodError'{0x000000008f394070}: 'int java.lang.invoke.DirectMethodHandle$Holder.invokeStaticInit(java.lang.Object, java.lang.Object, java.lang.Object, java.lang.Object)'> (0x000000008f394070) 
thrown [s\open\src\hotspot\share\interpreter\linkResolver.cpp, line 773]
Event: 15.015 Thread 0x00000208214db0e0 Exception <a 'java/lang/IncompatibleClassChangeError'{0x000000008e46b5d0}: Found class java.lang.Object, but interface was expected> (0x000000008e46b5d0) 
thrown [s\open\src\hotspot\share\interpreter\linkResolver.cpp, line 840]
Event: 15.035 Thread 0x00000208214db0e0 Implicit null exception at 0x0000020832d1d3e8 to 0x0000020832d1d600
Event: 15.074 Thread 0x00000208214db0e0 Exception <a 'java/lang/NoSuchMethodError'{0x000000008e3d9298}: 'java.lang.Object java.lang.invoke.Invokers$Holder.invoke_MT(java.lang.Object, java.lang.Object, java.lang.Object, java.lang.Object, java.lang.Object, java.lang.Object, java.lang.Object, java.lang.Object, java.lang.Object, java.lang.Object, java.lang.Object)'> (0x000000008e3d9298) 
thrown [s\open\src\hotspot\share\interpreter\linkResolver.cpp, line 773]
Event: 15.173 Thread 0x00000208214db0e0 Exception <a 'java/lang/NoSuchMethodError'{0x000000008e07e4e0}: 'java.lang.Object java.lang.invoke.DirectMethodHandle$Holder.newInvokeSpecial(java.lang.Object, java.lang.Object, int, java.lang.Object, java.lang.Object)'> (0x000000008e07e4e0) 
thrown [s\open\src\hotspot\share\interpreter\linkResolver.cpp, line 773]
Event: 15.980 Thread 0x0000020887b0d980 Exception <a 'java/lang/NoSuchMethodError'{0x000000008dc5bbb8}: 'java.lang.Object java.lang.invoke.DirectMethodHandle$Holder.invokeSpecial(java.lang.Object, java.lang.Object, java.lang.Object, java.lang.Object, java.lang.Object, long)'> (0x000000008dc5bbb8) 
thrown [s\open\src\hotspot\share\interpreter\linkResolver.cpp, line 773]
Event: 15.980 Thread 0x0000020887b0d980 Exception <a 'java/lang/NoSuchMethodError'{0x000000008dc5f378}: 'java.lang.Object java.lang.invoke.Invokers$Holder.linkToTargetMethod(java.lang.Object, java.lang.Object, java.lang.Object, long, java.lang.Object)'> (0x000000008dc5f378) 
thrown [s\open\src\hotspot\share\interpreter\linkResolver.cpp, line 773]

ZGC Phase Switch (0 events):
No events

VM Operations (20 events):
Event: 13.752 Executing VM operation: HandshakeAllThreads (Deoptimize)
Event: 13.752 Executing VM operation: HandshakeAllThreads (Deoptimize) done
Event: 13.759 Executing VM operation: HandshakeAllThreads (Deoptimize)
Event: 13.759 Executing VM operation: HandshakeAllThreads (Deoptimize) done
Event: 13.769 Executing VM operation: HandshakeAllThreads (Deoptimize)
Event: 13.769 Executing VM operation: HandshakeAllThreads (Deoptimize) done
Event: 14.048 Executing VM operation: HandshakeAllThreads (Deoptimize)
Event: 14.048 Executing VM operation: HandshakeAllThreads (Deoptimize) done
Event: 14.097 Executing VM operation: HandshakeAllThreads (Deoptimize)
Event: 14.097 Executing VM operation: HandshakeAllThreads (Deoptimize) done
Event: 14.097 Executing VM operation: HandshakeAllThreads (Deoptimize)
Event: 14.098 Executing VM operation: HandshakeAllThreads (Deoptimize) done
Event: 14.607 Executing VM operation: G1CollectForAllocation (G1 Evacuation Pause)
Event: 14.614 Executing VM operation: G1CollectForAllocation (G1 Evacuation Pause) done
Event: 14.767 Executing VM operation: HandshakeAllThreads (Deoptimize)
Event: 14.767 Executing VM operation: HandshakeAllThreads (Deoptimize) done
Event: 15.777 Executing VM operation: Cleanup
Event: 15.777 Executing VM operation: Cleanup done
Event: 16.015 Executing VM operation: HandshakeAllThreads (Deoptimize)
Event: 16.015 Executing VM operation: HandshakeAllThreads (Deoptimize) done

Events (20 events):
Event: 13.288 Thread 0x000002083ff026e0 flushing nmethod 0x0000020832c2ae10
Event: 13.288 Thread 0x000002083ff026e0 flushing nmethod 0x0000020832c27390
Event: 13.288 Thread 0x000002083ff026e0 flushing nmethod 0x0000020832bd5210
Event: 13.288 Thread 0x000002083ff026e0 flushing nmethod 0x0000020832bd0310
Event: 15.159 Thread 0x0000020887b0d980 Thread exited: 0x0000020887b0d980
Event: 15.194 Thread 0x0000020887b0d980 Thread added: 0x0000020887b0d980
Event: 15.195 Thread 0x0000020887b0e010 Thread added: 0x0000020887b0e010
Event: 15.195 Thread 0x0000020887b0ed30 Thread added: 0x0000020887b0ed30
Event: 15.196 Thread 0x00000208886eae00 Thread added: 0x00000208886eae00
Event: 15.196 Thread 0x00000208886e8d30 Thread added: 0x00000208886e8d30
Event: 15.196 Thread 0x00000208886e86a0 Thread added: 0x00000208886e86a0
Event: 15.196 Thread 0x00000208886ea0e0 Thread added: 0x00000208886ea0e0
Event: 15.196 Thread 0x00000208886ea770 Thread added: 0x00000208886ea770
Event: 15.197 Thread 0x00000208886e8010 Thread added: 0x00000208886e8010
Event: 15.198 Thread 0x00000208886e6c60 Thread added: 0x00000208886e6c60
Event: 15.234 Thread 0x00000208886e93c0 Thread added: 0x00000208886e93c0
Event: 15.237 Thread 0x00000208886e4500 Thread added: 0x00000208886e4500
Event: 15.274 Thread 0x00000208214db0e0 Thread exited: 0x00000208214db0e0
Event: 15.275 Thread 0x00000208886e9a50 Thread added: 0x00000208886e9a50
Event: 15.578 Thread 0x000002088702aa60 Thread added: 0x000002088702aa60


Dynamic libraries:
0x00007ff7ab170000 - 0x00007ff7ab180000 	C:\Program Files\Java\jdk-21\bin\java.exe
0x00007ffbdb450000 - 0x00007ffbdb667000 	C:\windows\SYSTEM32\ntdll.dll
0x00007ffbda370000 - 0x00007ffbda434000 	C:\windows\System32\KERNEL32.DLL
0x00007ffbd87d0000 - 0x00007ffbd8ba2000 	C:\windows\System32\KERNELBASE.dll
0x00007ffbd8fc0000 - 0x00007ffbd90d1000 	C:\windows\System32\ucrtbase.dll
0x00007ffbbd520000 - 0x00007ffbbd539000 	C:\Program Files\Java\jdk-21\bin\jli.dll
0x00007ffbd0910000 - 0x00007ffbd092b000 	C:\Program Files\Java\jdk-21\bin\VCRUNTIME140.dll
0x00007ffbd95e0000 - 0x00007ffbd9691000 	C:\windows\System32\ADVAPI32.dll
0x00007ffbd90e0000 - 0x00007ffbd9187000 	C:\windows\System32\msvcrt.dll
0x00007ffbd9730000 - 0x00007ffbd97d8000 	C:\windows\System32\sechost.dll
0x00007ffbd8d20000 - 0x00007ffbd8d48000 	C:\windows\System32\bcrypt.dll
0x00007ffbdad00000 - 0x00007ffbdae14000 	C:\windows\System32\RPCRT4.dll
0x00007ffbd9c00000 - 0x00007ffbd9db1000 	C:\windows\System32\USER32.dll
0x00007ffbd78c0000 - 0x00007ffbd7b5b000 	C:\windows\WinSxS\amd64_microsoft.windows.common-controls_6595b64144ccf1df_6.0.22621.5415_none_270d77d17387d7da\COMCTL32.dll
0x00007ffbd87a0000 - 0x00007ffbd87c6000 	C:\windows\System32\win32u.dll
0x00007ffbd93e0000 - 0x00007ffbd9409000 	C:\windows\System32\GDI32.dll
0x00007ffbd8d50000 - 0x00007ffbd8e73000 	C:\windows\System32\gdi32full.dll
0x00007ffbd8700000 - 0x00007ffbd879a000 	C:\windows\System32\msvcp_win.dll
0x00007ffbcc630000 - 0x00007ffbcc63a000 	C:\windows\SYSTEM32\VERSION.dll
0x00007ffbd9220000 - 0x00007ffbd9251000 	C:\windows\System32\IMM32.DLL
0x00007ffbd0900000 - 0x00007ffbd090c000 	C:\Program Files\Java\jdk-21\bin\vcruntime140_1.dll
0x00007ffba9e10000 - 0x00007ffba9e9e000 	C:\Program Files\Java\jdk-21\bin\msvcp140.dll
0x00007ffb85bf0000 - 0x00007ffb86905000 	C:\Program Files\Java\jdk-21\bin\server\jvm.dll
0x00007ffbd9360000 - 0x00007ffbd93d1000 	C:\windows\System32\WS2_32.dll
0x00007ffbd8260000 - 0x00007ffbd82ad000 	C:\windows\SYSTEM32\POWRPROF.dll
0x00007ffbd0970000 - 0x00007ffbd09a4000 	C:\windows\SYSTEM32\WINMM.dll
0x00007ffbd8240000 - 0x00007ffbd8253000 	C:\windows\SYSTEM32\UMPDC.dll
0x00007ffbd6c80000 - 0x00007ffbd6c98000 	C:\windows\SYSTEM32\kernel.appcore.dll
0x00007ffbd0860000 - 0x00007ffbd086a000 	C:\Program Files\Java\jdk-21\bin\jimage.dll
0x00007ffbd7e20000 - 0x00007ffbd8053000 	C:\windows\SYSTEM32\DBGHELP.DLL
0x00007ffbd9860000 - 0x00007ffbd9bf3000 	C:\windows\System32\combase.dll
0x00007ffbd9260000 - 0x00007ffbd9337000 	C:\windows\System32\OLEAUT32.dll
0x00007ffbd7d10000 - 0x00007ffbd7d42000 	C:\windows\SYSTEM32\dbgcore.DLL
0x00007ffbd8f40000 - 0x00007ffbd8fbb000 	C:\windows\System32\bcryptPrimitives.dll
0x00007ffbd08d0000 - 0x00007ffbd08ef000 	C:\Program Files\Java\jdk-21\bin\java.dll
0x00007ffbda450000 - 0x00007ffbdacf2000 	C:\windows\System32\SHELL32.dll
0x00007ffbd8540000 - 0x00007ffbd867f000 	C:\windows\System32\wintypes.dll
0x00007ffbd59d0000 - 0x00007ffbd62ee000 	C:\windows\SYSTEM32\windows.storage.dll
0x00007ffbda260000 - 0x00007ffbda36b000 	C:\windows\System32\SHCORE.dll
0x00007ffbdae20000 - 0x00007ffbdae89000 	C:\windows\System32\shlwapi.dll
0x00007ffbd8470000 - 0x00007ffbd849b000 	C:\windows\SYSTEM32\profapi.dll
0x00007ffba19a0000 - 0x00007ffba1a77000 	C:\Program Files\Java\jdk-21\bin\jsvml.dll
0x00007ffbd0850000 - 0x00007ffbd0860000 	C:\Program Files\Java\jdk-21\bin\net.dll
0x00007ffbd1670000 - 0x00007ffbd179c000 	C:\windows\SYSTEM32\WINHTTP.dll
0x00007ffbd70e0000 - 0x00007ffbd7149000 	C:\windows\system32\mswsock.dll
0x00007ffbc14d0000 - 0x00007ffbc14e6000 	C:\Program Files\Java\jdk-21\bin\nio.dll
0x00007ffbc1440000 - 0x00007ffbc1458000 	C:\Program Files\Java\jdk-21\bin\zip.dll
0x00007ffbcefd0000 - 0x00007ffbcefde000 	C:\Program Files\Java\jdk-21\bin\sunmscapi.dll
0x00007ffbd8bb0000 - 0x00007ffbd8d17000 	C:\windows\System32\CRYPT32.dll
0x00007ffbd76f0000 - 0x00007ffbd771d000 	C:\windows\SYSTEM32\ncrypt.dll
0x00007ffbd7560000 - 0x00007ffbd7597000 	C:\windows\SYSTEM32\NTASN1.dll
0x00007ffbd8160000 - 0x00007ffbd817b000 	C:\windows\SYSTEM32\CRYPTSP.dll
0x00007ffbd71d0000 - 0x00007ffbd7207000 	C:\windows\system32\rsaenh.dll
0x00007ffbd7210000 - 0x00007ffbd7238000 	C:\windows\SYSTEM32\USERENV.dll
0x00007ffbd7370000 - 0x00007ffbd737c000 	C:\windows\SYSTEM32\CRYPTBASE.dll
0x00007ffbd6750000 - 0x00007ffbd677d000 	C:\windows\SYSTEM32\IPHLPAPI.DLL
0x00007ffbda240000 - 0x00007ffbda249000 	C:\windows\System32\NSI.dll
0x00007ffbd0840000 - 0x00007ffbd084a000 	C:\Program Files\Java\jdk-21\bin\management.dll
0x00007ffbd0830000 - 0x00007ffbd083b000 	C:\Program Files\Java\jdk-21\bin\management_ext.dll
0x00007ffbda440000 - 0x00007ffbda448000 	C:\windows\System32\PSAPI.DLL
0x00007ffbd0800000 - 0x00007ffbd0810000 	C:\Program Files\Java\jdk-21\bin\verify.dll
0x00007ffbd6780000 - 0x00007ffbd6878000 	C:\windows\SYSTEM32\DNSAPI.dll
0x00007ffbd1620000 - 0x00007ffbd162a000 	C:\Windows\System32\rasadhlp.dll
0x00007ffbd0c50000 - 0x00007ffbd0cd4000 	C:\windows\System32\fwpuclnt.dll
0x00007ffbcfd60000 - 0x00007ffbcfd67000 	C:\Program Files\Java\jdk-21\bin\extnet.dll
0x00007ffb504f0000 - 0x00007ffb504f8000 	C:\windows\system32\wshunix.dll

dbghelp: loaded successfully - version: 4.0.5 - missing functions: none
symbol engine: initialized successfully - sym options: 0x614 - pdb path: .;C:\Program Files\Java\jdk-21\bin;C:\windows\SYSTEM32;C:\windows\WinSxS\amd64_microsoft.windows.common-controls_6595b64144ccf1df_6.0.22621.5415_none_270d77d17387d7da;C:\Program Files\Java\jdk-21\bin\server

VM Arguments:
java_command: com.Tienda.Ropa.TiendaDeRopaApplication
java_class_path (initial): C:\Users\gv250\OneDrive\Escritorio\Ropa\target\classes;C:\Users\gv250\.m2\repository\org\springframework\boot\spring-boot-starter-data-jpa\3.4.4\spring-boot-starter-data-jpa-3.4.4.jar;C:\Users\gv250\.m2\repository\org\springframework\boot\spring-boot-starter\3.4.4\spring-boot-starter-3.4.4.jar;C:\Users\gv250\.m2\repository\org\springframework\boot\spring-boot\3.4.4\spring-boot-3.4.4.jar;C:\Users\gv250\.m2\repository\org\springframework\boot\spring-boot-autoconfigure\3.4.4\spring-boot-autoconfigure-3.4.4.jar;C:\Users\gv250\.m2\repository\org\springframework\boot\spring-boot-starter-logging\3.4.4\spring-boot-starter-logging-3.4.4.jar;C:\Users\gv250\.m2\repository\ch\qos\logback\logback-classic\1.5.18\logback-classic-1.5.18.jar;C:\Users\gv250\.m2\repository\ch\qos\logback\logback-core\1.5.18\logback-core-1.5.18.jar;C:\Users\gv250\.m2\repository\org\apache\logging\log4j\log4j-to-slf4j\2.24.3\log4j-to-slf4j-2.24.3.jar;C:\Users\gv250\.m2\repository\org\apache\logging\log4j\log4j-api\2.24.3\log4j-api-2.24.3.jar;C:\Users\gv250\.m2\repository\org\slf4j\jul-to-slf4j\2.0.17\jul-to-slf4j-2.0.17.jar;C:\Users\gv250\.m2\repository\jakarta\annotation\jakarta.annotation-api\2.1.1\jakarta.annotation-api-2.1.1.jar;C:\Users\gv250\.m2\repository\org\yaml\snakeyaml\2.3\snakeyaml-2.3.jar;C:\Users\gv250\.m2\repository\org\springframework\boot\spring-boot-starter-jdbc\3.4.4\spring-boot-starter-jdbc-3.4.4.jar;C:\Users\gv250\.m2\repository\com\zaxxer\HikariCP\5.1.0\HikariCP-5.1.0.jar;C:\Users\gv250\.m2\repository\org\springframework\spring-jdbc\6.2.5\spring-jdbc-6.2.5.jar;C:\Users\gv250\.m2\repository\org\hibernate\orm\hibernate-core\6.6.11.Final\hibernate-core-6.6.11.Final.jar;C:\Users\gv250\.m2\repository\jakarta\persistence\jakarta.persistence-api\3.1.0\jakarta.persistence-api-3.1.0.jar;C:\Users\gv250\.m2\repository\jakarta\transaction\jakarta.transaction-api\2.0.1\jakarta.transaction-api-2.0.1.jar;C:\Users\gv250\.m2\repository\org\jboss\logging\jboss-logging\3.6.1.Final\jboss-logging-3.6.1.Final.jar;C:\Users\gv250\.m2\repository\org\hibernate\common\hibernate-commons-annotations\7.0.3.Final\hibernate-commons-annotations-7.0.3.Final.jar;C:\Users\gv250\.m2\repository\io\smallrye\jandex\3.2.0\jandex-3.2.0.jar;C:\Users\gv250\.m2\repository\com\fasterxml\classmate\1.7.0\classmate-1.7.0.jar;C:\Users\gv250\.m2\repository\net\bytebuddy\byte-buddy\1.15.11\byte-buddy-1.15.11.jar;C:\Users\gv250\.m2\repository\org\glassfish\jaxb\jaxb-runtime\4.0.5\jaxb-runtime-4.0.5.jar;C:\Users\gv250\.m2\repository\org\glassfish\jaxb\jaxb-core\4.0.5\jaxb-core-4.0.5.jar;C:\Users\gv250\.m2\repository\org\eclipse\angus\angus-activation\2.0.2\angus-activation-2.0.2.jar;C:\Users\gv250\.m2\repository\org\glassfish\jaxb\txw2\4.0.5\txw2-4.0.5.jar;C:\Users\gv250\.m2\repository\com\sun\istack\istack-commons-runtime\4.1.2\istack-commons-runtime-4.1.2.jar;C:\Users\gv250\.m2\repository\jakarta\inject\jakarta.inject-api\2.0.1\jakarta.inject-api-2.0.1.jar;C:\Users\gv250\.m2\repository\org\antlr\antlr4-runtime\4.13.0\antlr4-runtime-4.13.0.jar;C:\Users\gv250\.m2\repository\org\springframework\data\spring-data-jpa\3.4.4\spring-data-jpa-3.4.4.jar;C:\Users\gv250\.m2\repository\org\springframework\data\spring-data-commons\3.4.4\spring-data-commons-3.4.4.jar;C:\Users\gv250\.m2\repository\org\springframework\spring-orm\6.2.5\spring-orm-6.2.5.jar;C:\Users\gv250\.m2\repository\org\springframework\spring-context\6.2.5\spring-context-6.2.5.jar;C:\Users\gv250\.m2\repository\org\springframework\spring-tx\6.2.5\spring-tx-6.2.5.jar;C:\Users\gv250\.m2\repository\org\springframework\spring-beans\6.2.5\spring-beans-6.2.5.jar;C:\Users\gv250\.m2\repository\org\springframework\spring-aspects\6.2.5\spring-aspects-6.2.5.jar;C:\Users\gv250\.m2\repository\org\aspectj\aspectjweaver\1.9.23\aspectjweaver-1.9.23.jar;C:\Users\gv250\.m2\repository\org\springframework\boot\spring-boot-starter-security\3.4.4\spring-boot-starter-security-3.4.4.jar;C:\Users\gv250\.m2\repository\org\springframework\spring-aop\6.2.5\spring-aop-6.2.5.jar;C:\Users\gv250\.m2\repository\org\springframework\security\spring-security-config\6.4.4\spring-security-config-6.4.4.jar;C:\Users\gv250\.m2\repository\org\springframework\security\spring-security-web\6.4.4\spring-security-web-6.4.4.jar;C:\Users\gv250\.m2\repository\org\springframework\spring-expression\6.2.5\spring-expression-6.2.5.jar;C:\Users\gv250\.m2\repository\org\springframework\boot\spring-boot-starter-thymeleaf\3.4.4\spring-boot-starter-thymeleaf-3.4.4.jar;C:\Users\gv250\.m2\repository\org\thymeleaf\thymeleaf-spring6\3.1.3.RELEASE\thymeleaf-spring6-3.1.3.RELEASE.jar;C:\Users\gv250\.m2\repository\org\thymeleaf\thymeleaf\3.1.3.RELEASE\thymeleaf-3.1.3.RELEASE.jar;C:\Users\gv250\.m2\repository\org\attoparser\attoparser\2.0.7.RELEASE\attoparser-2.0.7.RELEASE.jar;C:\Users\gv250\.m2\repository\org\unbescape\unbescape\1.1.6.RELEASE\unbescape-1.1.6.RELEASE.jar;C:\Users\gv250\.m2\repository\org\springframework\boot\spring-boot-starter-validation\3.4.4\spring-boot-starter-validation-3.4.4.jar;C:\Users\gv250\.m2\repository\org\apache\tomcat\embed\tomcat-embed-el\10.1.39\tomcat-embed-el-10.1.39.jar;C:\Users\gv250\.m2\repository\org\hibernate\validator\hibernate-validator\8.0.2.Final\hibernate-validator-8.0.2.Final.jar;C:\Users\gv250\.m2\repository\jakarta\validation\jakarta.validation-api\3.0.2\jakarta.validation-api-3.0.2.jar;C:\Users\gv250\.m2\repository\org\springframework\boot\spring-boot-starter-web\3.4.4\spring-boot-starter-web-3.4.4.jar;C:\Users\gv250\.m2\repository\org\springframework\boot\spring-boot-starter-json\3.4.4\spring-boot-starter-json-3.4.4.jar;C:\Users\gv250\.m2\repository\com\fasterxml\jackson\core\jackson-databind\2.18.3\jackson-databind-2.18.3.jar;C:\Users\gv250\.m2\repository\com\fasterxml\jackson\core\jackson-annotations\2.18.3\jackson-annotations-2.18.3.jar;C:\Users\gv250\.m2\repository\com\fasterxml\jackson\core\jackson-core\2.18.3\jackson-core-2.18.3.jar;C:\Users\gv250\.m2\repository\com\fasterxml\jackson\datatype\jackson-datatype-jdk8\2.18.3\jackson-datatype-jdk8-2.18.3.jar;C:\Users\gv250\.m2\repository\com\fasterxml\jackson\datatype\jackson-datatype-jsr310\2.18.3\jackson-datatype-jsr310-2.18.3.jar;C:\Users\gv250\.m2\repository\com\fasterxml\jackson\module\jackson-module-parameter-names\2.18.3\jackson-module-parameter-names-2.18.3.jar;C:\Users\gv250\.m2\repository\org\springframework\boot\spring-boot-starter-tomcat\3.4.4\spring-boot-starter-tomcat-3.4.4.jar;C:\Users\gv250\.m2\repository\org\apache\tomcat\embed\tomcat-embed-core\10.1.39\tomcat-embed-core-10.1.39.jar;C:\Users\gv250\.m2\repository\org\apache\tomcat\embed\tomcat-embed-websocket\10.1.39\tomcat-embed-websocket-10.1.39.jar;C:\Users\gv250\.m2\repository\org\springframework\spring-web\6.2.5\spring-web-6.2.5.jar;C:\Users\gv250\.m2\repository\io\micrometer\micrometer-observation\1.14.5\micrometer-observation-1.14.5.jar;C:\Users\gv250\.m2\repository\io\micrometer\micrometer-commons\1.14.5\micrometer-commons-1.14.5.jar;C:\Users\gv250\.m2\repository\org\springframework\spring-webmvc\6.2.5\spring-webmvc-6.2.5.jar;C:\Users\gv250\.m2\repository\org\thymeleaf\extras\thymeleaf-extras-springsecurity6\3.1.3.RELEASE\thymeleaf-extras-springsecurity6-3.1.3.RELEASE.jar;C:\Users\gv250\.m2\repository\org\slf4j\slf4j-api\2.0.17\slf4j-api-2.0.17.jar;C:\Users\gv250\.m2\repository\com\mysql\mysql-connector-j\9.1.0\mysql-connector-j-9.1.0.jar;C:\Users\gv250\.m2\repository\jakarta\xml\bind\jakarta.xml.bind-api\4.0.2\jakarta.xml.bind-api-4.0.2.jar;C:\Users\gv250\.m2\repository\jakarta\activation\jakarta.activation-api\2.1.3\jakarta.activation-api-2.1.3.jar;C:\Users\gv250\.m2\repository\org\springframework\spring-core\6.2.5\spring-core-6.2.5.jar;C:\Users\gv250\.m2\repository\org\springframework\spring-jcl\6.2.5\spring-jcl-6.2.5.jar;C:\Users\gv250\.m2\repository\org\springframework\security\spring-security-core\6.4.4\spring-security-core-6.4.4.jar;C:\Users\gv250\.m2\repository\org\springframework\security\spring-security-crypto\5.8.16\spring-security-crypto-5.8.16.jar
Launcher Type: SUN_STANDARD

[Global flags]
     intx CICompilerCount                          = 4                                         {product} {ergonomic}
     uint ConcGCThreads                            = 3                                         {product} {ergonomic}
     uint G1ConcRefinementThreads                  = 10                                        {product} {ergonomic}
   size_t G1HeapRegionSize                         = 1048576                                   {product} {ergonomic}
    uintx GCDrainStackTargetSize                   = 64                                        {product} {ergonomic}
   size_t InitialHeapSize                          = 123731968                                 {product} {ergonomic}
   size_t MarkStackSize                            = 4194304                                   {product} {ergonomic}
   size_t MaxHeapSize                              = 1967128576                                {product} {ergonomic}
   size_t MaxNewSize                               = 1179648000                                {product} {ergonomic}
   size_t MinHeapDeltaBytes                        = 1048576                                   {product} {ergonomic}
   size_t MinHeapSize                              = 8388608                                   {product} {ergonomic}
    uintx NonNMethodCodeHeapSize                   = 5839372                                {pd product} {ergonomic}
    uintx NonProfiledCodeHeapSize                  = 122909434                              {pd product} {ergonomic}
    uintx ProfiledCodeHeapSize                     = 122909434                              {pd product} {ergonomic}
    uintx ReservedCodeCacheSize                    = 251658240                              {pd product} {ergonomic}
     bool SegmentedCodeCache                       = true                                      {product} {ergonomic}
   size_t SoftMaxHeapSize                          = 1967128576                             {manageable} {ergonomic}
     bool UseCompressedOops                        = true                           {product lp64_product} {ergonomic}
     bool UseG1GC                                  = true                                      {product} {ergonomic}
     bool UseLargePagesIndividualAllocation        = false                                  {pd product} {ergonomic}

Logging:
Log output configuration:
 #0: stdout all=warning uptime,level,tags foldmultilines=false
 #1: stderr all=off uptime,level,tags foldmultilines=false

Environment Variables:
JAVA_HOME=C:\Program Files\Java\jdk-21
PATH=C:\app\gv250\product\21c\dbhomeXE\bin;C:\Users\gv250\Downloads\WINDOWS.X64_213000_db_home\bin;C:\Program Files\Common Files\Oracle\Java\javapath;C:\Program Files (x86)\Common Files\Oracle\Java\javapath;C:\windows\system32;C:\windows;C:\windows\System32\Wbem;C:\windows\System32\WindowsPowerShell\v1.0\;C:\windows\System32\OpenSSH\;C:\Program Files\dotnet\;C:\Program Files\HP\HP One Agent;C:\xampp\php;C:\Program Files\nodejs\;C:\Program Files\Git\cmd;C:\Users\gv250\AppData\Local\Programs\Python\Python313\Scripts\;C:\Users\gv250\AppData\Local\Programs\Python\Python313\;C:\Users\gv250\AppData\Local\Microsoft\WindowsApps;C:\Program Files\Azure Data Studio\bin;C:\Users\gv250\AppData\Local\Programs\Microsoft VS Code\bin;C:\Users\gv250\AppData\Roaming\npm;C:\Users\gv250\OneDrive\Documentos\apache-maven-3.9.9\bin;
USERNAME=gv250
OS=Windows_NT
PROCESSOR_IDENTIFIER=AMD64 Family 23 Model 104 Stepping 1, AuthenticAMD
TMP=C:\Users\gv250\AppData\Local\Temp
TEMP=C:\Users\gv250\AppData\Local\Temp




Periodic native trim disabled

---------------  S Y S T E M  ---------------

OS:
 Windows 11 , 64 bit Build 22621 (10.0.22621.5415)
OS uptime: 0 days 12:54 hours
Hyper-V role detected

CPU: total 12 (initial active 12) (12 cores per cpu, 2 threads per core) family 23 model 104 stepping 1 microcode 0x0, cx8, cmov, fxsr, ht, mmx, 3dnowpref, sse, sse2, sse3, ssse3, sse4a, sse4.1, sse4.2, popcnt, lzcnt, tsc, tscinvbit, avx, avx2, aes, clmul, bmi1, bmi2, adx, sha, fma, vzeroupper, clflush, clflushopt, hv, rdtscp, rdpid, f16c
Processor Information for all 12 processors :
  Max Mhz: 2100, Current Mhz: 1893, Mhz Limit: 2100

Memory: 4k page, system-wide physical 7501M (385M free)
TotalPageFile size 30029M (AvailPageFile size 13M)
current process WorkingSet (physical memory assigned to process): 262M, peak: 262M
current process commit charge ("private bytes"): 305M, peak: 306M

vm_info: Java HotSpot(TM) 64-Bit Server VM (21.0.1+12-LTS-29) for windows-amd64 JRE (21.0.1+12-LTS-29), built on 2023-10-05T13:27:09Z by "mach5one" with MS VC++ 17.1 (VS2022)

END.
